                                 Started job on |	Jun 25 02:57:14
                             Started mapping on |	Jun 25 03:03:36
                                    Finished on |	Jun 25 03:03:43
       Mapping speed, Million of reads per hour |	0.24

                          Number of input reads |	468
                      Average input read length |	60
                                    UNIQUE READS:
                   Uniquely mapped reads number |	428
                        Uniquely mapped reads % |	91.45%
                          Average mapped length |	59.97
                       Number of splices: Total |	50
            Number of splices: Annotated (sjdb) |	50
                       Number of splices: GT/AG |	49
                       Number of splices: GC/AG |	1
                       Number of splices: AT/AC |	0
               Number of splices: Non-canonical |	0
                      Mismatch rate per base, % |	0.05%
                         Deletion rate per base |	0.05%
                        Deletion average length |	2.00
                        Insertion rate per base |	0.00%
                       Insertion average length |	0.00
                             MULTI-MAPPING READS:
        Number of reads mapped to multiple loci |	40
             % of reads mapped to multiple loci |	8.55%
        Number of reads mapped to too many loci |	0
             % of reads mapped to too many loci |	0.00%
                                  UNMAPPED READS:
       % of reads unmapped: too many mismatches |	0.00%
                 % of reads unmapped: too short |	0.00%
                     % of reads unmapped: other |	0.00%
                                  CHIMERIC READS:
                       Number of chimeric reads |	0
                            % of chimeric reads |	0.00%
