$file
[1] "../SymbolLists/intermediate/star/Affymetrix.txt"

$output
[1] "../SymbolLists/data/star/Affymetrix/uniq.txt"

$multimaps
[1] "../SymbolLists/data/star/Affymetrix/multi.txt"

$help
[1] FALSE

[1] "SUCCESS: Breakdown is a disjoint union and covers all indices."
356 probes were matched uniquely.
22 extra symbolList entries were added for uncovered genes.
16 genes were covered by the entries.
0 probes were left unused.
Other entries:XF:Z:__no_feature : 29 
XF:Z:__too_low_aQual : 0 
XF:Z:__not_aligned : 0 
XF:Z:__alignment_not_unique : 16 
residue.mix : 8 
[1] "Result table saved to ../SymbolLists/data/star/Affymetrix/uniq.txt"
[1] "Multi table saved to ../SymbolLists/data/star/Affymetrix/multi.txt"
