$file
[1] "../SymbolLists/intermediate/star/Illumina.txt"

$output
[1] "../SymbolLists/data/star/Illumina/uniq.txt"

$multimaps
[1] "../SymbolLists/data/star/Illumina/multi.txt"

$help
[1] FALSE

[1] "SUCCESS: Breakdown is a disjoint union and covers all indices."
416 probes were matched uniquely.
21 extra symbolList entries were added for uncovered genes.
18 genes were covered by the entries.
0 probes were left unused.
Other entries:XF:Z:__no_feature : 8 
XF:Z:__too_low_aQual : 0 
XF:Z:__not_aligned : 0 
XF:Z:__alignment_not_unique : 40 
residue.mix : 0 
[1] "Result table saved to ../SymbolLists/data/star/Illumina/uniq.txt"
[1] "Multi table saved to ../SymbolLists/data/star/Illumina/multi.txt"
