tophat_reports v2.1.1 (ecf7617)
---------------------------------------
[samopen] SAM header is present: 194 sequences.
	Loading 1...done
	Loading 10...done
	Loading 11...done
	Loading 12...done
	Loading 13...done
	Loading 14...done
	Loading 15...done
	Loading 16...done
	Loading 17...done
	Loading 18...done
	Loading 19...done
	Loading 2...done
	Loading 20...done
	Loading 21...done
	Loading 22...done
	Loading 3...done
	Loading 4...done
	Loading 5...done
	Loading 6...done
	Loading 7...done
	Loading 8...done
	Loading 9...done
	Loading MT...done
	Loading X...done
	Loading Y...done
	Loading KI270728.1...done
	Loading KI270727.1...done
	Loading KI270442.1...done
	Loading KI270729.1...done
	Loading GL000225.1...done
	Loading KI270743.1...done
	Loading GL000008.2...done
	Loading GL000009.2...done
	Loading KI270747.1...done
	Loading KI270722.1...done
	Loading GL000194.1...done
	Loading KI270742.1...done
	Loading GL000205.2...done
	Loading GL000195.1...done
	Loading KI270736.1...done
	Loading KI270733.1...done
	Loading GL000224.1...done
	Loading GL000219.1...done
	Loading KI270719.1...done
	Loading GL000216.2...done
	Loading KI270712.1...done
	Loading KI270706.1...done
	Loading KI270725.1...done
	Loading KI270744.1...done
	Loading KI270734.1...done
	Loading GL000213.1...done
	Loading GL000220.1...done
	Loading KI270715.1...done
	Loading GL000218.1...done
	Loading KI270749.1...done
	Loading KI270741.1...done
	Loading GL000221.1...done
	Loading KI270716.1...done
	Loading KI270731.1...done
	Loading KI270751.1...done
	Loading KI270750.1...done
	Loading KI270519.1...done
	Loading GL000214.1...done
	Loading KI270708.1...done
	Loading KI270730.1...done
	Loading KI270438.1...done
	Loading KI270737.1...done
	Loading KI270721.1...done
	Loading KI270738.1...done
	Loading KI270748.1...done
	Loading KI270435.1...done
	Loading GL000208.1...done
	Loading KI270538.1...done
	Loading KI270756.1...done
	Loading KI270739.1...done
	Loading KI270757.1...done
	Loading KI270709.1...done
	Loading KI270746.1...done
	Loading KI270753.1...done
	Loading KI270589.1...done
	Loading KI270726.1...done
	Loading KI270735.1...done
	Loading KI270711.1...done
	Loading KI270745.1...done
	Loading KI270714.1...done
	Loading KI270732.1...done
	Loading KI270713.1...done
	Loading KI270754.1...done
	Loading KI270710.1...done
	Loading KI270717.1...done
	Loading KI270724.1...done
	Loading KI270720.1...done
	Loading KI270723.1...done
	Loading KI270718.1...done
	Loading KI270317.1...done
	Loading KI270740.1...done
	Loading KI270755.1...done
	Loading KI270707.1...done
	Loading KI270579.1...done
	Loading KI270752.1...done
	Loading KI270512.1...done
	Loading KI270322.1...done
	Loading GL000226.1...done
	Loading KI270311.1...done
	Loading KI270366.1...done
	Loading KI270511.1...done
	Loading KI270448.1...done
	Loading KI270521.1...done
	Loading KI270581.1...done
	Loading KI270582.1...done
	Loading KI270515.1...done
	Loading KI270588.1...done
	Loading KI270591.1...done
	Loading KI270522.1...done
	Loading KI270507.1...done
	Loading KI270590.1...done
	Loading KI270584.1...done
	Loading KI270320.1...done
	Loading KI270382.1...done
	Loading KI270468.1...done
	Loading KI270467.1...done
	Loading KI270362.1...done
	Loading KI270517.1...done
	Loading KI270593.1...done
	Loading KI270528.1...done
	Loading KI270587.1...done
	Loading KI270364.1...done
	Loading KI270371.1...done
	Loading KI270333.1...done
	Loading KI270374.1...done
	Loading KI270411.1...done
	Loading KI270414.1...done
	Loading KI270510.1...done
	Loading KI270390.1...done
	Loading KI270375.1...done
	Loading KI270420.1...done
	Loading KI270509.1...done
	Loading KI270315.1...done
	Loading KI270302.1...done
	Loading KI270518.1...done
	Loading KI270530.1...done
	Loading KI270304.1...done
	Loading KI270418.1...done
	Loading KI270424.1...done
	Loading KI270417.1...done
	Loading KI270508.1...done
	Loading KI270303.1...done
	Loading KI270381.1...done
	Loading KI270529.1...done
	Loading KI270425.1...done
	Loading KI270396.1...done
	Loading KI270363.1...done
	Loading KI270386.1...done
	Loading KI270465.1...done
	Loading KI270383.1...done
	Loading KI270384.1...done
	Loading KI270330.1...done
	Loading KI270372.1...done
	Loading KI270548.1...done
	Loading KI270580.1...done
	Loading KI270387.1...done
	Loading KI270391.1...done
	Loading KI270305.1...done
	Loading KI270373.1...done
	Loading KI270422.1...done
	Loading KI270316.1...done
	Loading KI270340.1...done
	Loading KI270338.1...done
	Loading KI270583.1...done
	Loading KI270334.1...done
	Loading KI270429.1...done
	Loading KI270393.1...done
	Loading KI270516.1...done
	Loading KI270389.1...done
	Loading KI270466.1...done
	Loading KI270388.1...done
	Loading KI270544.1...done
	Loading KI270310.1...done
	Loading KI270412.1...done
	Loading KI270395.1...done
	Loading KI270376.1...done
	Loading KI270337.1...done
	Loading KI270335.1...done
	Loading KI270378.1...done
	Loading KI270379.1...done
	Loading KI270329.1...done
	Loading KI270419.1...done
	Loading KI270336.1...done
	Loading KI270312.1...done
	Loading KI270539.1...done
	Loading KI270385.1...done
	Loading KI270423.1...done
	Loading KI270392.1...done
	Loading KI270394.1...done
	Loading ...done
Loaded 349976 GFF junctions from ../Alignment/intermediate/tophat/Agilent/tmp/Homo_sapiens.juncs.
Loaded 349976 junctions
Printing junction BED track...done
Printing insertions...done
Printing deletions...done
Found 35 junctions from happy spliced reads
