segment_juncs v2.1.1 (ecf7617)
---------------------------
[samopen] SAM header is present: 194 sequences.
Loading reference sequences...
	Loading 1... done (248956422 bases).
	Loading 10... done (133797422 bases).
	Loading 11... done (135086622 bases).
	Loading 12... done (133275309 bases).
	Loading 13... done (114364328 bases).
	Loading 14... done (107043718 bases).
	Loading 15... done (101991189 bases).
	Loading 16... done (90338345 bases).
	Loading 17... done (83257441 bases).
	Loading 18... done (80373285 bases).
	Loading 19... done (58617616 bases).
	Loading 2... done (242193529 bases).
	Loading 20... done (64444167 bases).
	Loading 21... done (46709983 bases).
	Loading 22... done (50818468 bases).
	Loading 3... done (198295559 bases).
	Loading 4... done (190214555 bases).
	Loading 5... done (181538259 bases).
	Loading 6... done (170805979 bases).
	Loading 7... done (159345973 bases).
	Loading 8... done (145138636 bases).
	Loading 9... done (138394717 bases).
	Loading MT... done (16569 bases).
	Loading X... done (156040895 bases).
	Loading Y... done (57227415 bases).
	Loading KI270728.1... done (1872759 bases).
	Loading KI270727.1... done (448248 bases).
	Loading KI270442.1... done (392061 bases).
	Loading KI270729.1... done (280839 bases).
	Loading GL000225.1... done (211173 bases).
	Loading KI270743.1... done (210658 bases).
	Loading GL000008.2... done (209709 bases).
	Loading GL000009.2... done (201709 bases).
	Loading KI270747.1... done (198735 bases).
	Loading KI270722.1... done (194050 bases).
	Loading GL000194.1... done (191469 bases).
	Loading KI270742.1... done (186739 bases).
	Loading GL000205.2... done (185591 bases).
	Loading GL000195.1... done (182896 bases).
	Loading KI270736.1... done (181920 bases).
	Loading KI270733.1... done (179772 bases).
	Loading GL000224.1... done (179693 bases).
	Loading GL000219.1... done (179198 bases).
	Loading KI270719.1... done (176845 bases).
	Loading GL000216.2... done (176608 bases).
	Loading KI270712.1... done (176043 bases).
	Loading KI270706.1... done (175055 bases).
	Loading KI270725.1... done (172810 bases).
	Loading KI270744.1... done (168472 bases).
	Loading KI270734.1... done (165050 bases).
	Loading GL000213.1... done (164239 bases).
	Loading GL000220.1... done (161802 bases).
	Loading KI270715.1... done (161471 bases).
	Loading GL000218.1... done (161147 bases).
	Loading KI270749.1... done (158759 bases).
	Loading KI270741.1... done (157432 bases).
	Loading GL000221.1... done (155397 bases).
	Loading KI270716.1... done (153799 bases).
	Loading KI270731.1... done (150754 bases).
	Loading KI270751.1... done (150742 bases).
	Loading KI270750.1... done (148850 bases).
	Loading KI270519.1... done (138126 bases).
	Loading GL000214.1... done (137718 bases).
	Loading KI270708.1... done (127682 bases).
	Loading KI270730.1... done (112551 bases).
	Loading KI270438.1... done (112505 bases).
	Loading KI270737.1... done (103838 bases).
	Loading KI270721.1... done (100316 bases).
	Loading KI270738.1... done (99375 bases).
	Loading KI270748.1... done (93321 bases).
	Loading KI270435.1... done (92983 bases).
	Loading GL000208.1... done (92689 bases).
	Loading KI270538.1... done (91309 bases).
	Loading KI270756.1... done (79590 bases).
	Loading KI270739.1... done (73985 bases).
	Loading KI270757.1... done (71251 bases).
	Loading KI270709.1... done (66860 bases).
	Loading KI270746.1... done (66486 bases).
	Loading KI270753.1... done (62944 bases).
	Loading KI270589.1... done (44474 bases).
	Loading KI270726.1... done (43739 bases).
	Loading KI270735.1... done (42811 bases).
	Loading KI270711.1... done (42210 bases).
	Loading KI270745.1... done (41891 bases).
	Loading KI270714.1... done (41717 bases).
	Loading KI270732.1... done (41543 bases).
	Loading KI270713.1... done (40745 bases).
	Loading KI270754.1... done (40191 bases).
	Loading KI270710.1... done (40176 bases).
	Loading KI270717.1... done (40062 bases).
	Loading KI270724.1... done (39555 bases).
	Loading KI270720.1... done (39050 bases).
	Loading KI270723.1... done (38115 bases).
	Loading KI270718.1... done (38054 bases).
	Loading KI270317.1... done (37690 bases).
	Loading KI270740.1... done (37240 bases).
	Loading KI270755.1... done (36723 bases).
	Loading KI270707.1... done (32032 bases).
	Loading KI270579.1... done (31033 bases).
	Loading KI270752.1... done (27745 bases).
	Loading KI270512.1... done (22689 bases).
	Loading KI270322.1... done (21476 bases).
	Loading GL000226.1... done (15008 bases).
	Loading KI270311.1... done (12399 bases).
	Loading KI270366.1... done (8320 bases).
	Loading KI270511.1... done (8127 bases).
	Loading KI270448.1... done (7992 bases).
	Loading KI270521.1... done (7642 bases).
	Loading KI270581.1... done (7046 bases).
	Loading KI270582.1... done (6504 bases).
	Loading KI270515.1... done (6361 bases).
	Loading KI270588.1... done (6158 bases).
	Loading KI270591.1... done (5796 bases).
	Loading KI270522.1... done (5674 bases).
	Loading KI270507.1... done (5353 bases).
	Loading KI270590.1... done (4685 bases).
	Loading KI270584.1... done (4513 bases).
	Loading KI270320.1... done (4416 bases).
	Loading KI270382.1... done (4215 bases).
	Loading KI270468.1... done (4055 bases).
	Loading KI270467.1... done (3920 bases).
	Loading KI270362.1... done (3530 bases).
	Loading KI270517.1... done (3253 bases).
	Loading KI270593.1... done (3041 bases).
	Loading KI270528.1... done (2983 bases).
	Loading KI270587.1... done (2969 bases).
	Loading KI270364.1... done (2855 bases).
	Loading KI270371.1... done (2805 bases).
	Loading KI270333.1... done (2699 bases).
	Loading KI270374.1... done (2656 bases).
	Loading KI270411.1... done (2646 bases).
	Loading KI270414.1... done (2489 bases).
	Loading KI270510.1... done (2415 bases).
	Loading KI270390.1... done (2387 bases).
	Loading KI270375.1... done (2378 bases).
	Loading KI270420.1... done (2321 bases).
	Loading KI270509.1... done (2318 bases).
	Loading KI270315.1... done (2276 bases).
	Loading KI270302.1... done (2274 bases).
	Loading KI270518.1... done (2186 bases).
	Loading KI270530.1... done (2168 bases).
	Loading KI270304.1... done (2165 bases).
	Loading KI270418.1... done (2145 bases).
	Loading KI270424.1... done (2140 bases).
	Loading KI270417.1... done (2043 bases).
	Loading KI270508.1... done (1951 bases).
	Loading KI270303.1... done (1942 bases).
	Loading KI270381.1... done (1930 bases).
	Loading KI270529.1... done (1899 bases).
	Loading KI270425.1... done (1884 bases).
	Loading KI270396.1... done (1880 bases).
	Loading KI270363.1... done (1803 bases).
	Loading KI270386.1... done (1788 bases).
	Loading KI270465.1... done (1774 bases).
	Loading KI270383.1... done (1750 bases).
	Loading KI270384.1... done (1658 bases).
	Loading KI270330.1... done (1652 bases).
	Loading KI270372.1... done (1650 bases).
	Loading KI270548.1... done (1599 bases).
	Loading KI270580.1... done (1553 bases).
	Loading KI270387.1... done (1537 bases).
	Loading KI270391.1... done (1484 bases).
	Loading KI270305.1... done (1472 bases).
	Loading KI270373.1... done (1451 bases).
	Loading KI270422.1... done (1445 bases).
	Loading KI270316.1... done (1444 bases).
	Loading KI270340.1... done (1428 bases).
	Loading KI270338.1... done (1428 bases).
	Loading KI270583.1... done (1400 bases).
	Loading KI270334.1... done (1368 bases).
	Loading KI270429.1... done (1361 bases).
	Loading KI270393.1... done (1308 bases).
	Loading KI270516.1... done (1300 bases).
	Loading KI270389.1... done (1298 bases).
	Loading KI270466.1... done (1233 bases).
	Loading KI270388.1... done (1216 bases).
	Loading KI270544.1... done (1202 bases).
	Loading KI270310.1... done (1201 bases).
	Loading KI270412.1... done (1179 bases).
	Loading KI270395.1... done (1143 bases).
	Loading KI270376.1... done (1136 bases).
	Loading KI270337.1... done (1121 bases).
	Loading KI270335.1... done (1048 bases).
	Loading KI270378.1... done (1048 bases).
	Loading KI270379.1... done (1045 bases).
	Loading KI270329.1... done (1040 bases).
	Loading KI270419.1... done (1029 bases).
	Loading KI270336.1... done (1026 bases).
	Loading KI270312.1... done (998 bases).
	Loading KI270539.1... done (993 bases).
	Loading KI270385.1... done (990 bases).
	Loading KI270423.1... done (981 bases).
	Loading KI270392.1... done (971 bases).
	Loading KI270394.1... done (970 bases).
>> Performing segment-search:
	found 0 potential split-segment junctions
	found 0 potential small deletions
	found 0 potential small insertions
>> Performing coverage-search:
 Map covers 8910 bases
 Map covers 8659 bases in sufficiently long segments
 Map contains 249 good islands
 11916 are left looking bases
 11091 are right looking bases
Collecting potential splice sites in islands (GT-AG)
reporting synthetic splice junctions...
Examining donor-acceptor pairings in 1
Examining donor-acceptor pairings in 10
Examining donor-acceptor pairings in 12
Examining donor-acceptor pairings in 13
Examining donor-acceptor pairings in 16
Examining donor-acceptor pairings in 18
Examining donor-acceptor pairings in 19
Examining donor-acceptor pairings in 2
Examining donor-acceptor pairings in 21
Examining donor-acceptor pairings in 3
Examining donor-acceptor pairings in 4
Examining donor-acceptor pairings in 5
Examining donor-acceptor pairings in 7
Examining donor-acceptor pairings in 8
Examining donor-acceptor pairings in 9
Examining donor-acceptor pairings in X
	found 0 potential junctions
Reported 0 total potential splices
Reporting 0 potential deletions...
Reporting 0 potential insertions...
Reporting potential fusions...
