                                 Started job on |	Jun 25 03:06:10
                             Started mapping on |	Jun 25 03:15:07
                                    Finished on |	Jun 25 03:15:09
       Mapping speed, Million of reads per hour |	0.86

                          Number of input reads |	479
                      Average input read length |	50
                                    UNIQUE READS:
                   Uniquely mapped reads number |	438
                        Uniquely mapped reads % |	91.44%
                          Average mapped length |	49.95
                       Number of splices: Total |	24
            Number of splices: Annotated (sjdb) |	23
                       Number of splices: GT/AG |	22
                       Number of splices: GC/AG |	1
                       Number of splices: AT/AC |	0
               Number of splices: Non-canonical |	1
                      Mismatch rate per base, % |	0.04%
                         Deletion rate per base |	0.00%
                        Deletion average length |	1.00
                        Insertion rate per base |	0.00%
                       Insertion average length |	0.00
                             MULTI-MAPPING READS:
        Number of reads mapped to multiple loci |	40
             % of reads mapped to multiple loci |	8.35%
        Number of reads mapped to too many loci |	0
             % of reads mapped to too many loci |	0.00%
                                  UNMAPPED READS:
       % of reads unmapped: too many mismatches |	0.00%
                 % of reads unmapped: too short |	0.21%
                     % of reads unmapped: other |	0.00%
                                  CHIMERIC READS:
                       Number of chimeric reads |	0
                            % of chimeric reads |	0.00%
