Settings:
  Output files: "../Alignment/intermediate/tophat/Illumina/tmp/segment_juncs.*.bt2"
  Line rate: 6 (line is 64 bytes)
  Lines per side: 1 (side is 64 bytes)
  Offset rate: 4 (one in 16)
  FTable chars: 10
  Strings: unpacked
  Max bucket size: default
  Max bucket size, sqrt multiplier: default
  Max bucket size, len divisor: 4
  Difference-cover sample period: 1024
  Endianness: little
  Actual local endianness: little
  Sanity checking: disabled
  Assertions: disabled
  Random seed: 0
  Sizeofs: void*:8, int:4, long:8, size_t:8
Input files DNA, FASTA:
  ../Alignment/intermediate/tophat/Illumina/tmp/segment_juncs.fa
Reading reference sizes
  Time reading reference sizes: 00:00:01
Calculating joined length
Writing header
Reserving space for joined string
Joining reference sequences
  Time to join reference sequences: 00:00:00
bmax according to bmaxDivN setting: 4374700
Using parameters --bmax 3281025 --dcv 1024
  Doing ahead-of-time memory usage test
  Passed!  Constructing with these parameters: --bmax 3281025 --dcv 1024
Constructing suffix-array element generator
Building DifferenceCoverSample
  Building sPrime
  Building sPrimeOrder
  V-Sorting samples
  V-Sorting samples time: 00:00:00
  Allocating rank array
  Ranking v-sort output
  Ranking v-sort output time: 00:00:00
  Invoking Larsson-Sadakane on ranks
  Invoking Larsson-Sadakane on ranks time: 00:00:00
  Sanity-checking and returning
Building samples
Reserving space for 12 sample suffixes
Generating random suffixes
QSorting 12 sample offsets, eliminating duplicates
QSorting sample offsets, eliminating duplicates time: 00:00:00
Multikey QSorting 12 samples
  (Using difference cover)
  Multikey QSorting samples time: 00:00:01
Calculating bucket sizes
  Binary sorting into buckets
  10%
  20%
  30%
  40%
  50%
  60%
  70%
  80%
  90%
  100%
  Binary sorting into buckets time: 00:00:00
Splitting and merging
  Splitting and merging time: 00:00:00
Split 1, merged 6; iterating...
  Binary sorting into buckets
  10%
  20%
  30%
  40%
  50%
  60%
  70%
  80%
  90%
  100%
  Binary sorting into buckets time: 00:00:01
Splitting and merging
  Splitting and merging time: 00:00:00
Avg bucket size: 2.49983e+06 (target: 3281024)
Converting suffix-array elements to index image
Allocating ftab, absorbFtab
Entering Ebwt loop
Getting block 1 of 7
  Reserving size (3281025) for bucket
  Calculating Z arrays
  Calculating Z arrays time: 00:00:00
  Entering block accumulator loop:
  10%
  20%
  30%
  40%
  50%
  60%
  70%
  80%
  90%
  100%
  Block accumulator loop time: 00:00:00
  Sorting block of length 2207138
  (Using difference cover)
  Sorting block time: 00:00:00
Returning block of 2207139
Getting block 2 of 7
  Reserving size (3281025) for bucket
  Calculating Z arrays
  Calculating Z arrays time: 00:00:00
  Entering block accumulator loop:
  10%
  20%
  30%
  40%
  50%
  60%
  70%
  80%
  90%
  100%
  Block accumulator loop time: 00:00:00
  Sorting block of length 2876907
  (Using difference cover)
  Sorting block time: 00:00:01
Returning block of 2876908
Getting block 3 of 7
  Reserving size (3281025) for bucket
  Calculating Z arrays
  Calculating Z arrays time: 00:00:00
  Entering block accumulator loop:
  10%
  20%
  30%
  40%
  50%
  60%
  70%
  80%
  90%
  100%
  Block accumulator loop time: 00:00:00
  Sorting block of length 2934511
  (Using difference cover)
  Sorting block time: 00:00:01
Returning block of 2934512
Getting block 4 of 7
  Reserving size (3281025) for bucket
  Calculating Z arrays
  Calculating Z arrays time: 00:00:00
  Entering block accumulator loop:
  10%
  20%
  30%
  40%
  50%
  60%
  70%
  80%
  90%
  100%
  Block accumulator loop time: 00:00:00
  Sorting block of length 2239979
  (Using difference cover)
  Sorting block time: 00:00:00
Returning block of 2239980
Getting block 5 of 7
  Reserving size (3281025) for bucket
  Calculating Z arrays
  Calculating Z arrays time: 00:00:00
  Entering block accumulator loop:
  10%
  20%
  30%
  40%
  50%
  60%
  70%
  80%
  90%
  100%
  Block accumulator loop time: 00:00:00
  Sorting block of length 2369217
  (Using difference cover)
  Sorting block time: 00:00:00
Returning block of 2369218
Getting block 6 of 7
  Reserving size (3281025) for bucket
  Calculating Z arrays
  Calculating Z arrays time: 00:00:00
  Entering block accumulator loop:
  10%
  20%
  30%
  40%
  50%
  60%
  70%
  80%
  90%
  100%
  Block accumulator loop time: 00:00:01
  Sorting block of length 3248435
  (Using difference cover)
  Sorting block time: 00:00:00
Returning block of 3248436
Getting block 7 of 7
  Reserving size (3281025) for bucket
  Calculating Z arrays
  Calculating Z arrays time: 00:00:00
  Entering block accumulator loop:
  10%
  20%
  30%
  40%
  50%
  60%
  70%
  80%
  90%
  100%
  Block accumulator loop time: 00:00:00
  Sorting block of length 1622607
  (Using difference cover)
  Sorting block time: 00:00:01
Returning block of 1622608
Exited Ebwt loop
fchr[A]: 0
fchr[C]: 4358212
fchr[G]: 8745297
fchr[T]: 13137942
fchr[$]: 17498800
Exiting Ebwt::buildToDisk()
Returning from initFromVector
Wrote 32516578 bytes to primary EBWT file: ../Alignment/intermediate/tophat/Illumina/tmp/segment_juncs.1.bt2
Wrote 4374708 bytes to secondary EBWT file: ../Alignment/intermediate/tophat/Illumina/tmp/segment_juncs.2.bt2
Re-opening _in1 and _in2 as input streams
Returning from Ebwt constructor
Headers:
    len: 17498800
    bwtLen: 17498801
    sz: 4374700
    bwtSz: 4374701
    lineRate: 6
    offRate: 4
    offMask: 0xfffffff0
    ftabChars: 10
    eftabLen: 20
    eftabSz: 80
    ftabLen: 1048577
    ftabSz: 4194308
    offsLen: 1093676
    offsSz: 4374704
    lineSz: 64
    sideSz: 64
    sideBwtSz: 48
    sideBwtLen: 192
    numSides: 91140
    numLines: 91140
    ebwtTotLen: 5832960
    ebwtTotSz: 5832960
    color: 0
    reverse: 0
Total time for call to driver() for forward index: 00:00:13
Reading reference sizes
  Time reading reference sizes: 00:00:02
Calculating joined length
Writing header
Reserving space for joined string
Joining reference sequences
  Time to join reference sequences: 00:00:05
  Time to reverse reference sequence: 00:00:00
bmax according to bmaxDivN setting: 4374700
Using parameters --bmax 3281025 --dcv 1024
  Doing ahead-of-time memory usage test
  Passed!  Constructing with these parameters: --bmax 3281025 --dcv 1024
Constructing suffix-array element generator
Building DifferenceCoverSample
  Building sPrime
  Building sPrimeOrder
  V-Sorting samples
  V-Sorting samples time: 00:00:01
  Allocating rank array
  Ranking v-sort output
  Ranking v-sort output time: 00:00:00
  Invoking Larsson-Sadakane on ranks
  Invoking Larsson-Sadakane on ranks time: 00:00:00
  Sanity-checking and returning
Building samples
Reserving space for 12 sample suffixes
Generating random suffixes
QSorting 12 sample offsets, eliminating duplicates
QSorting sample offsets, eliminating duplicates time: 00:00:00
Multikey QSorting 12 samples
  (Using difference cover)
  Multikey QSorting samples time: 00:00:00
Calculating bucket sizes
  Binary sorting into buckets
  10%
  20%
  30%
  40%
  50%
  60%
  70%
  80%
  90%
  100%
  Binary sorting into buckets time: 00:00:00
Splitting and merging
  Splitting and merging time: 00:00:00
Split 1, merged 6; iterating...
  Binary sorting into buckets
  10%
  20%
  30%
  40%
  50%
  60%
  70%
  80%
  90%
  100%
  Binary sorting into buckets time: 00:00:01
Splitting and merging
  Splitting and merging time: 00:00:00
Avg bucket size: 2.18735e+06 (target: 3281024)
Converting suffix-array elements to index image
Allocating ftab, absorbFtab
Entering Ebwt loop
Getting block 1 of 8
  Reserving size (3281025) for bucket
  Calculating Z arrays
  Calculating Z arrays time: 00:00:00
  Entering block accumulator loop:
  10%
  20%
  30%
  40%
  50%
  60%
  70%
  80%
  90%
  100%
  Block accumulator loop time: 00:00:00
  Sorting block of length 569031
  (Using difference cover)
  Sorting block time: 00:00:00
Returning block of 569032
Getting block 2 of 8
  Reserving size (3281025) for bucket
  Calculating Z arrays
  Calculating Z arrays time: 00:00:00
  Entering block accumulator loop:
  10%
  20%
  30%
  40%
  50%
  60%
  70%
  80%
  90%
  100%
  Block accumulator loop time: 00:00:00
  Sorting block of length 3119144
  (Using difference cover)
  Sorting block time: 00:00:01
Returning block of 3119145
Getting block 3 of 8
  Reserving size (3281025) for bucket
  Calculating Z arrays
  Calculating Z arrays time: 00:00:00
  Entering block accumulator loop:
  10%
  20%
  30%
  40%
  50%
  60%
  70%
  80%
  90%
  100%
  Block accumulator loop time: 00:00:00
  Sorting block of length 821512
  (Using difference cover)
  Sorting block time: 00:00:00
Returning block of 821513
Getting block 4 of 8
  Reserving size (3281025) for bucket
  Calculating Z arrays
  Calculating Z arrays time: 00:00:00
  Entering block accumulator loop:
  10%
  20%
  30%
  40%
  50%
  60%
  70%
  80%
  90%
  100%
  Block accumulator loop time: 00:00:01
  Sorting block of length 2803979
  (Using difference cover)
  Sorting block time: 00:00:00
Returning block of 2803980
Getting block 5 of 8
  Reserving size (3281025) for bucket
  Calculating Z arrays
  Calculating Z arrays time: 00:00:00
  Entering block accumulator loop:
  10%
  20%
  30%
  40%
  50%
  60%
  70%
  80%
  90%
  100%
  Block accumulator loop time: 00:00:01
  Sorting block of length 2314818
  (Using difference cover)
  Sorting block time: 00:00:00
Returning block of 2314819
Getting block 6 of 8
  Reserving size (3281025) for bucket
  Calculating Z arrays
  Calculating Z arrays time: 00:00:00
  Entering block accumulator loop:
  10%
  20%
  30%
  40%
  50%
  60%
  70%
  80%
  90%
  100%
  Block accumulator loop time: 00:00:00
  Sorting block of length 2832666
  (Using difference cover)
  Sorting block time: 00:00:01
Returning block of 2832667
Getting block 7 of 8
  Reserving size (3281025) for bucket
  Calculating Z arrays
  Calculating Z arrays time: 00:00:00
  Entering block accumulator loop:
  10%
  20%
  30%
  40%
  50%
  60%
  70%
  80%
  90%
  100%
  Block accumulator loop time: 00:00:01
  Sorting block of length 3197319
  (Using difference cover)
  Sorting block time: 00:00:00
Returning block of 3197320
Getting block 8 of 8
  Reserving size (3281025) for bucket
  Calculating Z arrays
  Calculating Z arrays time: 00:00:00
  Entering block accumulator loop:
  10%
  20%
  30%
  40%
  50%
  60%
  70%
  80%
  90%
  100%
  Block accumulator loop time: 00:00:00
  Sorting block of length 1840324
  (Using difference cover)
  Sorting block time: 00:00:00
Returning block of 1840325
Exited Ebwt loop
fchr[A]: 0
fchr[C]: 4358212
fchr[G]: 8745297
fchr[T]: 13137942
fchr[$]: 17498800
Exiting Ebwt::buildToDisk()
Returning from initFromVector
Wrote 32516578 bytes to primary EBWT file: ../Alignment/intermediate/tophat/Illumina/tmp/segment_juncs.rev.1.bt2
Wrote 4374708 bytes to secondary EBWT file: ../Alignment/intermediate/tophat/Illumina/tmp/segment_juncs.rev.2.bt2
Re-opening _in1 and _in2 as input streams
Returning from Ebwt constructor
Headers:
    len: 17498800
    bwtLen: 17498801
    sz: 4374700
    bwtSz: 4374701
    lineRate: 6
    offRate: 4
    offMask: 0xfffffff0
    ftabChars: 10
    eftabLen: 20
    eftabSz: 80
    ftabLen: 1048577
    ftabSz: 4194308
    offsLen: 1093676
    offsSz: 4374704
    lineSz: 64
    sideSz: 64
    sideBwtSz: 48
    sideBwtLen: 192
    numSides: 91140
    numLines: 91140
    ebwtTotLen: 5832960
    ebwtTotSz: 5832960
    color: 0
    reverse: 1
Total time for backward call to driver() for mirror index: 00:00:19
