                                 Started job on |	Jun 25 02:05:58
                             Started mapping on |	Jun 25 02:08:34
                                    Finished on |	Jun 25 02:08:37
       Mapping speed, Million of reads per hour |	5.58

                          Number of input reads |	4651
                      Average input read length |	25
                                    UNIQUE READS:
                   Uniquely mapped reads number |	4165
                        Uniquely mapped reads % |	89.55%
                          Average mapped length |	24.95
                       Number of splices: Total |	140
            Number of splices: Annotated (sjdb) |	138
                       Number of splices: GT/AG |	140
                       Number of splices: GC/AG |	0
                       Number of splices: AT/AC |	0
               Number of splices: Non-canonical |	0
                      Mismatch rate per base, % |	0.06%
                         Deletion rate per base |	0.00%
                        Deletion average length |	0.00
                        Insertion rate per base |	0.00%
                       Insertion average length |	0.00
                             MULTI-MAPPING READS:
        Number of reads mapped to multiple loci |	472
             % of reads mapped to multiple loci |	10.15%
        Number of reads mapped to too many loci |	7
             % of reads mapped to too many loci |	0.15%
                                  UNMAPPED READS:
       % of reads unmapped: too many mismatches |	0.00%
                 % of reads unmapped: too short |	0.04%
                     % of reads unmapped: other |	0.11%
                                  CHIMERIC READS:
                       Number of chimeric reads |	0
                            % of chimeric reads |	0.00%
