$file
[1] "../SymbolLists/intermediate/bowtie/Affymetrix.txt"

$output
[1] "../SymbolLists/data/bowtie/Affymetrix/uniq.txt"

$multimaps
[1] "../SymbolLists/data/bowtie/Affymetrix/multi.txt"

$help
[1] FALSE

[1] "SUCCESS: Breakdown is a disjoint union and covers all indices."
337 probes were matched uniquely.
69 extra symbolList entries were added for uncovered genes.
59 genes were covered by the entries.
0 probes were left unused.
Other entries:XF:Z:__no_feature : 23 
XF:Z:__too_low_aQual : 11 
XF:Z:__not_aligned : 0 
XF:Z:__alignment_not_unique : 0 
residue.mix : 18 
[1] "Result table saved to ../SymbolLists/data/bowtie/Affymetrix/uniq.txt"
[1] "Multi table saved to ../SymbolLists/data/bowtie/Affymetrix/multi.txt"
