$file
[1] "../SymbolLists/intermediate/bowtie/Agilent.txt"

$output
[1] "../SymbolLists/data/bowtie/Agilent/uniq.txt"

$multimaps
[1] "../SymbolLists/data/bowtie/Agilent/multi.txt"

$help
[1] FALSE

[1] "SUCCESS: Breakdown is a disjoint union and covers all indices."
345 probes were matched uniquely.
129 extra symbolList entries were added for uncovered genes.
99 genes were covered by the entries.
2 probes were left unused.
Other entries:XF:Z:__no_feature : 14 
XF:Z:__too_low_aQual : 39 
XF:Z:__not_aligned : 37 
XF:Z:__alignment_not_unique : 0 
residue.mix : 0 
[1] "Result table saved to ../SymbolLists/data/bowtie/Agilent/uniq.txt"
[1] "Multi table saved to ../SymbolLists/data/bowtie/Agilent/multi.txt"
