$file
[1] "../SymbolLists/intermediate/bowtie/Illumina.txt"

$output
[1] "../SymbolLists/data/bowtie/Illumina/uniq.txt"

$multimaps
[1] "../SymbolLists/data/bowtie/Illumina/multi.txt"

$help
[1] FALSE

[1] "SUCCESS: Breakdown is a disjoint union and covers all indices."
392 probes were matched uniquely.
86 extra symbolList entries were added for uncovered genes.
74 genes were covered by the entries.
1 probes were left unused.
Other entries:XF:Z:__no_feature : 3 
XF:Z:__too_low_aQual : 31 
XF:Z:__not_aligned : 16 
XF:Z:__alignment_not_unique : 0 
residue.mix : 0 
[1] "Result table saved to ../SymbolLists/data/bowtie/Illumina/uniq.txt"
[1] "Multi table saved to ../SymbolLists/data/bowtie/Illumina/multi.txt"
